07:46:36: Python Version: 3.9.1 (tags/v3.9.1:1e5d33e, Dec  7 2020, 16:33:24) [MSC v.1928 32 bit (Intel)]
07:46:36: MLL Proggenerator started V03.03 24.03.2021
07:46:36:  Platform: Windows-10-10.0.19041-SP0
07:46:36: Installationfolder D:\data\doc\GitHub\MobaLedLib_pyProgGen
07:46:36:  Startpage: StartPage
07:46:36: [Errno 2] No such file or directory: 'D:\\data\\doc\\GitHub\\MobaLedLib_pyProgGen\\ColorTestOnly.txt'
07:46:36: Commandline args: {'startpagename': 'StartPage'}
07:46:36: readConfigData
07:46:36: Warning: Config File D:\data\doc\GitHub\MobaLedLib_pyProgGen\MobaLedTest_param.json not found
07:46:36: Read Paramdata: {}
07:46:36: ReadConfig: {'serportnumber': 0, 'serportname': 'COM3', 'baudrate': 115200, 'maxLEDcount': 1, 'lastLedCount': 1, 'lastLed': 0, 'pos_x': 1, 'pos_y': 23, 'colorview': 1, 'startpage': 3, 'startpagename': 'StartPage', 'led_correction_r': 255, 'led_correction_g': 175, 'led_correction_b': 239, 'use_led_correction': True, 'old_color': '#9C3840', 'palette': {'ROOM_COL0': '#0F0D03', 'ROOM_COL1': '#162C1B', 'ROOM_COL2': '#9B4905', 'ROOM_COL3': '#271201', 'ROOM_COL4': '#1E0000', 'ROOM_COL5': '#4F2707', 'GAS_LIGHT D': '#323232', 'GAS LIGHT': '#FFFFFF', 'NEON_LIGHT D': '#14141B', 'NEON_LIGHT M': '#464650', 'NEON_LIGHT': '#F5F5FF', 'ROOM_TV0 A': '#323214', 'ROOM_TV0 B': '#46461E', 'ROOM_TV1 A': '#323208', 'ROOM_TV1 B': '#323208', 'SINGLE_LED': '#FFFFFF', 'SINGLE_LED D': '#323232'}, 'effectpalette': {'House': {'ROOM_DARK': '#323232', 'ROOM_BRIGHT': '#FFFFFF', 'ROOM_WARM_W': '#934D08', 'ROOM_RED': '#FF0000', 'ROOM_D_RED': '#320009', 'ROOM_COL0': 'ROOM_COL0', 'ROOM_COL1': 'ROOM_COL1', 'ROOM_COL2': 'ROOM_COL2', 'ROOM_COL3': 'ROOM_COL3', 'ROOM_COL4': 'ROOM_COL4', 'ROOM_COL5': 'ROOM_COL5', 'ROOM_COL345': 'ROOM_COL3', 'FIRE': '#000000', 'FIRED': '#000000', 'FIREB': '#000000', 'ROOM_CHIMNEY': '#000000', 'ROOM_CHIMNEYD': '#000000', 'ROOM_CHIMNEYB': '#000000', 'ROOM_TV0': 'ROOM_TV0 A', 'ROOM_TV0_CHIMNEY': 'ROOM_TV0 A', 'ROOM_TV0_CHIMNEYD': 'ROOM_TV0 A', 'ROOM_TV0_CHIMNEYB': 'ROOM_TV0 A', 'ROOM_TV1': 'ROOM_TV1 A', 'ROOM_TV1_CHIMNEY': 'ROOM_TV1 A', 'ROOM_TV1_CHIMNEYD': 'ROOM_TV1 A', 'ROOM_TV1_CHIMNEYB': 'ROOM_TV1 A', 'NEON_LIGHT': 'NEON_LIGHT', 'NEON_LIGHT_SGL': 'NEON_LIGHT', 'NEON_LIGHT1': 'NEON_LIGHT', 'NEON_LIGHT2': 'NEON_LIGHT', 'NEON_LIGHT3': 'NEON_LIGHT', 'NEON_LIGHTD': 'NEON_LIGHT D', 'NEON_LIGHTD_SGL': 'NEON_LIGHT D', 'NEON_LIGHT1D': 'NEON_LIGHT D', 'NEON_LIGHT2D': 'NEON_LIGHT D', 'NEON_LIGHT3D': 'NEON_LIGHT D', 'NEON_LIGHTM': 'NEON_LIGHT M', 'NEON_LIGHTM_SGL': 'NEON_LIGHT M', 'NEON_LIGHT1M': 'NEON_LIGHT M', 'NEON_LIGHT2M': 'NEON_LIGHT M', 'NEON_LIGHT3M': 'NEON_LIGHT M', 'NEON_LIGHTL': '#464650', 'NEON_LIGHTL_SGL': '#464650', 'NEON_LIGHT1L': '#464650', 'NEON_LIGHT2L': '#464650', 'NEON_LIGHT3L': '#464650', 'NEON_DEF_D': 'NEON_LIGHT D', 'NEON_DEF_D_SGL': 'NEON_LIGHT D', 'NEON_DEF1D': 'NEON_LIGHT D', 'NEON_DEF2D': 'NEON_LIGHT D', 'NEON_DEF3D': 'NEON_LIGHT D', 'LED_SGL': 'SINGLE_LED', 'SINGLE_LED1': 'SINGLE_LED', 'SINGLE_LED2': 'SINGLE_LED', 'SINGLE_LED3': 'SINGLE_LED', 'LED_D_SGL': 'SINGLE_LED D', 'SINGLE_LED1D': 'SINGLE_LED D', 'SINGLE_LED2D': 'SINGLE_LED D', 'SINGLE_LED3D': 'SINGLE_LED D', 'GAS_LIGHT': 'GAS LIGHT', 'GAS_LIGHT_SGL': 'GAS LIGHT', 'GAS_LIGHT1': 'GAS LIGHT', 'GAS_LIGHT2': 'GAS LIGHT', 'GAS_LIGHT3': 'GAS LIGHT', 'GAS_LIGHTD': 'GAS_LIGHT D', 'GAS_LIGHTD_SGL': 'GAS_LIGHT D', 'GAS_LIGHT1D': 'GAS_LIGHT D', 'GAS_LIGHT2D': 'GAS_LIGHT D', 'GAS_LIGHT3D': 'GAS_LIGHT D', 'SKIP_ROOM': '#000000'}, 'Const': {}, 'GasLights': {'NEON_LIGHT': 'NEON_LIGHT', 'NEON_LIGHT_SGL': 'NEON_LIGHT', 'NEON_LIGHT1': 'NEON_LIGHT', 'NEON_LIGHT2': 'NEON_LIGHT', 'NEON_LIGHT3': 'NEON_LIGHT', 'NEON_LIGHTD': 'NEON_LIGHT D', 'NEON_LIGHTD_SGL': 'NEON_LIGHT D', 'NEON_LIGHT1D': 'NEON_LIGHT D', 'NEON_LIGHT2D': 'NEON_LIGHT D', 'NEON_LIGHT3D': 'NEON_LIGHT D', 'NEON_LIGHTM': 'NEON_LIGHT M', 'NEON_LIGHTM_SGL': 'NEON_LIGHT M', 'NEON_LIGHT1M': 'NEON_LIGHT M', 'NEON_LIGHT2M': 'NEON_LIGHT M', 'NEON_LIGHT3M': 'NEON_LIGHT M', 'NEON_LIGHTL': '#464650', 'NEON_LIGHTL_SGL': '#464650', 'NEON_LIGHT1L': '#464650', 'NEON_LIGHT2L': '#464650', 'NEON_LIGHT3L': '#464650', 'NEON_DEF_D': 'NEON_LIGHT D', 'NEON_DEF_D_SGL': 'NEON_LIGHT D', 'NEON_DEF1D': 'NEON_LIGHT D', 'NEON_DEF2D': 'NEON_LIGHT D', 'NEON_DEF3D': 'NEON_LIGHT D', 'GAS_LIGHT': 'GAS LIGHT', 'GAS_LIGHT_SGL': 'GAS LIGHT', 'GAS_LIGHT1': 'GAS LIGHT', 'GAS_LIGHT2': 'GAS LIGHT', 'GAS_LIGHT3': 'GAS LIGHT', 'GAS_LIGHTD': 'GAS_LIGHT D', 'GAS_LIGHTD_SGL': 'GAS_LIGHT D', 'GAS_LIGHT1D': 'GAS_LIGHT D', 'GAS_LIGHT2D': 'GAS_LIGHT D', 'GAS_LIGHT3D': 'GAS_LIGHT D'}}, 'old_effect': 'ROOM_DARK', 'group_name': 'Group001', 'autoconnect': True, 'lastSound': 0, 'lastSoundImpuls': 200, 'startcmdcb': False, 'startcmd_filename': ' ', 'ArduinoTypeName': 'Nano/Uno (alt)', 'ArduinoTypeNumber': 0, 'Z21Data': {'0': {'serportname': 'COM3', 'dcc_start': 5, 'dcc_end': 9971}, '1': {'serportname': 'NO DEVICE', 'dcc_start': 1, 'dcc_end': 9999}, '2': {'serportname': 'NO DEVICE', 'dcc_start': 1, 'dcc_end': 9999}}, 'lastservo_channel': 1, 'DCC BaseAddress': 100, 'ServoAddress': 0, 'ServoChannel': 0, 'SoundAddress': 0, 'SoundImpulsLength': 200, 'Sound_RED': 8, 'Sound_GREEN': 3, 'Sound_BLUE': 6, 'baudratenumber': 1, 'ARDUINOMessage': 0, 'Autoconnect': 0, 'ARDUINOShowAll': False, 'ARDUINOTakeOver': False, 'UseZ21Data': False, 'ARDUINOBlink': False, 'MLLDigSysName': 'Kein System', 'MLLDigSysNumber': 0, 'Baudrate': '57600', 'FontTitle': 12, 'FontLabel': 8, 'FontSpinbox': 8, 'FontScale': 8, 'RMbusTimer': 0, 'LEDchannel': 3}
07:46:36: running in a normal Python process
07:46:36: ReadConfig: {'serportnumber': 0, 'serportname': 'COM3', 'baudrate': 115200, 'maxLEDcount': 1, 'lastLedCount': 1, 'lastLed': 0, 'pos_x': 1, 'pos_y': 23, 'colorview': 1, 'startpage': 3, 'startpagename': 'StartPage', 'led_correction_r': 255, 'led_correction_g': 175, 'led_correction_b': 239, 'use_led_correction': True, 'old_color': '#9C3840', 'palette': {'ROOM_COL0': '#0F0D03', 'ROOM_COL1': '#162C1B', 'ROOM_COL2': '#9B4905', 'ROOM_COL3': '#271201', 'ROOM_COL4': '#1E0000', 'ROOM_COL5': '#4F2707', 'GAS_LIGHT D': '#323232', 'GAS LIGHT': '#FFFFFF', 'NEON_LIGHT D': '#14141B', 'NEON_LIGHT M': '#464650', 'NEON_LIGHT': '#F5F5FF', 'ROOM_TV0 A': '#323214', 'ROOM_TV0 B': '#46461E', 'ROOM_TV1 A': '#323208', 'ROOM_TV1 B': '#323208', 'SINGLE_LED': '#FFFFFF', 'SINGLE_LED D': '#323232'}, 'effectpalette': {'House': {'ROOM_DARK': '#323232', 'ROOM_BRIGHT': '#FFFFFF', 'ROOM_WARM_W': '#934D08', 'ROOM_RED': '#FF0000', 'ROOM_D_RED': '#320009', 'ROOM_COL0': 'ROOM_COL0', 'ROOM_COL1': 'ROOM_COL1', 'ROOM_COL2': 'ROOM_COL2', 'ROOM_COL3': 'ROOM_COL3', 'ROOM_COL4': 'ROOM_COL4', 'ROOM_COL5': 'ROOM_COL5', 'ROOM_COL345': 'ROOM_COL3', 'FIRE': '#000000', 'FIRED': '#000000', 'FIREB': '#000000', 'ROOM_CHIMNEY': '#000000', 'ROOM_CHIMNEYD': '#000000', 'ROOM_CHIMNEYB': '#000000', 'ROOM_TV0': 'ROOM_TV0 A', 'ROOM_TV0_CHIMNEY': 'ROOM_TV0 A', 'ROOM_TV0_CHIMNEYD': 'ROOM_TV0 A', 'ROOM_TV0_CHIMNEYB': 'ROOM_TV0 A', 'ROOM_TV1': 'ROOM_TV1 A', 'ROOM_TV1_CHIMNEY': 'ROOM_TV1 A', 'ROOM_TV1_CHIMNEYD': 'ROOM_TV1 A', 'ROOM_TV1_CHIMNEYB': 'ROOM_TV1 A', 'NEON_LIGHT': 'NEON_LIGHT', 'NEON_LIGHT_SGL': 'NEON_LIGHT', 'NEON_LIGHT1': 'NEON_LIGHT', 'NEON_LIGHT2': 'NEON_LIGHT', 'NEON_LIGHT3': 'NEON_LIGHT', 'NEON_LIGHTD': 'NEON_LIGHT D', 'NEON_LIGHTD_SGL': 'NEON_LIGHT D', 'NEON_LIGHT1D': 'NEON_LIGHT D', 'NEON_LIGHT2D': 'NEON_LIGHT D', 'NEON_LIGHT3D': 'NEON_LIGHT D', 'NEON_LIGHTM': 'NEON_LIGHT M', 'NEON_LIGHTM_SGL': 'NEON_LIGHT M', 'NEON_LIGHT1M': 'NEON_LIGHT M', 'NEON_LIGHT2M': 'NEON_LIGHT M', 'NEON_LIGHT3M': 'NEON_LIGHT M', 'NEON_LIGHTL': '#464650', 'NEON_LIGHTL_SGL': '#464650', 'NEON_LIGHT1L': '#464650', 'NEON_LIGHT2L': '#464650', 'NEON_LIGHT3L': '#464650', 'NEON_DEF_D': 'NEON_LIGHT D', 'NEON_DEF_D_SGL': 'NEON_LIGHT D', 'NEON_DEF1D': 'NEON_LIGHT D', 'NEON_DEF2D': 'NEON_LIGHT D', 'NEON_DEF3D': 'NEON_LIGHT D', 'LED_SGL': 'SINGLE_LED', 'SINGLE_LED1': 'SINGLE_LED', 'SINGLE_LED2': 'SINGLE_LED', 'SINGLE_LED3': 'SINGLE_LED', 'LED_D_SGL': 'SINGLE_LED D', 'SINGLE_LED1D': 'SINGLE_LED D', 'SINGLE_LED2D': 'SINGLE_LED D', 'SINGLE_LED3D': 'SINGLE_LED D', 'GAS_LIGHT': 'GAS LIGHT', 'GAS_LIGHT_SGL': 'GAS LIGHT', 'GAS_LIGHT1': 'GAS LIGHT', 'GAS_LIGHT2': 'GAS LIGHT', 'GAS_LIGHT3': 'GAS LIGHT', 'GAS_LIGHTD': 'GAS_LIGHT D', 'GAS_LIGHTD_SGL': 'GAS_LIGHT D', 'GAS_LIGHT1D': 'GAS_LIGHT D', 'GAS_LIGHT2D': 'GAS_LIGHT D', 'GAS_LIGHT3D': 'GAS_LIGHT D', 'SKIP_ROOM': '#000000'}, 'Const': {}, 'GasLights': {'NEON_LIGHT': 'NEON_LIGHT', 'NEON_LIGHT_SGL': 'NEON_LIGHT', 'NEON_LIGHT1': 'NEON_LIGHT', 'NEON_LIGHT2': 'NEON_LIGHT', 'NEON_LIGHT3': 'NEON_LIGHT', 'NEON_LIGHTD': 'NEON_LIGHT D', 'NEON_LIGHTD_SGL': 'NEON_LIGHT D', 'NEON_LIGHT1D': 'NEON_LIGHT D', 'NEON_LIGHT2D': 'NEON_LIGHT D', 'NEON_LIGHT3D': 'NEON_LIGHT D', 'NEON_LIGHTM': 'NEON_LIGHT M', 'NEON_LIGHTM_SGL': 'NEON_LIGHT M', 'NEON_LIGHT1M': 'NEON_LIGHT M', 'NEON_LIGHT2M': 'NEON_LIGHT M', 'NEON_LIGHT3M': 'NEON_LIGHT M', 'NEON_LIGHTL': '#464650', 'NEON_LIGHTL_SGL': '#464650', 'NEON_LIGHT1L': '#464650', 'NEON_LIGHT2L': '#464650', 'NEON_LIGHT3L': '#464650', 'NEON_DEF_D': 'NEON_LIGHT D', 'NEON_DEF_D_SGL': 'NEON_LIGHT D', 'NEON_DEF1D': 'NEON_LIGHT D', 'NEON_DEF2D': 'NEON_LIGHT D', 'NEON_DEF3D': 'NEON_LIGHT D', 'GAS_LIGHT': 'GAS LIGHT', 'GAS_LIGHT_SGL': 'GAS LIGHT', 'GAS_LIGHT1': 'GAS LIGHT', 'GAS_LIGHT2': 'GAS LIGHT', 'GAS_LIGHT3': 'GAS LIGHT', 'GAS_LIGHTD': 'GAS_LIGHT D', 'GAS_LIGHTD_SGL': 'GAS_LIGHT D', 'GAS_LIGHT1D': 'GAS_LIGHT D', 'GAS_LIGHT2D': 'GAS_LIGHT D', 'GAS_LIGHT3D': 'GAS_LIGHT D'}}, 'old_effect': 'ROOM_DARK', 'group_name': 'Group001', 'autoconnect': True, 'lastSound': 0, 'lastSoundImpuls': 200, 'startcmdcb': False, 'startcmd_filename': ' ', 'ArduinoTypeName': 'Nano/Uno (alt)', 'ArduinoTypeNumber': 0, 'Z21Data': {'0': {'serportname': 'COM3', 'dcc_start': 5, 'dcc_end': 9971}, '1': {'serportname': 'NO DEVICE', 'dcc_start': 1, 'dcc_end': 9999}, '2': {'serportname': 'NO DEVICE', 'dcc_start': 1, 'dcc_end': 9999}}, 'lastservo_channel': 1, 'DCC BaseAddress': 100, 'ServoAddress': 0, 'ServoChannel': 0, 'SoundAddress': 0, 'SoundImpulsLength': 200, 'Sound_RED': 8, 'Sound_GREEN': 3, 'Sound_BLUE': 6, 'baudratenumber': 1, 'ARDUINOMessage': 0, 'Autoconnect': 0, 'ARDUINOShowAll': False, 'ARDUINOTakeOver': False, 'UseZ21Data': False, 'ARDUINOBlink': False, 'MLLDigSysName': 'Kein System', 'MLLDigSysNumber': 0, 'Baudrate': '57600', 'FontTitle': 12, 'FontLabel': 8, 'FontSpinbox': 8, 'FontScale': 8, 'RMbusTimer': 0, 'LEDchannel': 3}
07:46:36: Screenwidht: 2560 Screenheight: 1440
07:46:36: House - Multipleparams
07:46:36: GasLights - Multipleparams
07:46:36: AmpelX - Multipleparams
07:46:36: AndreaskrRGB - Multipleparams
07:46:36: Andreaskreuz - Multipleparams
07:46:36: Blink2 - Multipleparams
07:46:36: Blink3 - Multipleparams
07:46:36: Blinker - Multipleparams
07:46:36: BlinkerHD - Multipleparams
07:46:36: BlinkerInvInp - Multipleparams
07:46:36: BlueLight1 - Multipleparams
07:46:36: BlueLight2 - Multipleparams
07:46:36: Const - Multipleparams
07:46:36: ConstrWarnLight - Multipleparams
07:46:36: ConstrWarnLightRGB6 - Multipleparams
07:46:36: Def_Neon_Misha - Multipleparams
07:46:36: Fire - Multipleparams
07:46:36: Flash - Multipleparams
07:46:36: Leuchtfeuer - Multipleparams
07:46:36: RGB_AmpelX - Multipleparams
07:46:36: RGB_AmpelXFade - Multipleparams
07:46:36: Welding - Multipleparams
07:46:36: DepSignal4 - Multipleparams
07:46:36: DepSignal4Bin - Multipleparams
07:46:36: DepSignal4Bin_RGB - Multipleparams
07:46:36: DepSignal4_RGB - Multipleparams
07:46:36: EntrySignal3 - Multipleparams
07:46:36: EntrySignal3Bin - Multipleparams
07:46:36: EntrySignal3Bin_RGB - Multipleparams
07:46:36: EntrySignal3_RGB - Multipleparams
07:46:36: Sound_ADKey - Multipleparams
07:46:36: Sound_DecVol - Multipleparams
07:46:36: Sound_IncVol - Multipleparams
07:46:36: Sound_JQ6500_ADKey - Multipleparams
07:46:36: Sound_JQ6500_BG_DecVol - Multipleparams
07:46:36: Sound_JQ6500_BG_IncVol - Multipleparams
07:46:36: Sound_JQ6500_BG_Next - Multipleparams
07:46:36: Sound_JQ6500_BG_Next_of_N - Multipleparams
07:46:36: Sound_JQ6500_BG_Next_of_N_Reset - Multipleparams
07:46:36: Sound_JQ6500_BG_PlayRandom - Multipleparams
07:46:36: Sound_JQ6500_BG_Prev - Multipleparams
07:46:36: Sound_JQ6500_BG_Seq1 - Multipleparams
07:46:36: Sound_JQ6500_BG_Seq2 - Multipleparams
07:46:36: Sound_JQ6500_BG_Seq3 - Multipleparams
07:46:36: Sound_JQ6500_BG_Seq4 - Multipleparams
07:46:36: Sound_JQ6500_BG_Seq5 - Multipleparams
07:46:36: Sound_JQ6500_DecVol - Multipleparams
07:46:37: Sound_JQ6500_IncVol - Multipleparams
07:46:37: Sound_JQ6500_Next - Multipleparams
07:46:37: Sound_JQ6500_Next_of_N - Multipleparams
07:46:37: Sound_JQ6500_Next_of_N_Reset - Multipleparams
07:46:37: Sound_JQ6500_PlayRandom - Multipleparams
07:46:37: Sound_JQ6500_Prev - Multipleparams
07:46:37: Sound_JQ6500_Seq1 - Multipleparams
07:46:37: Sound_JQ6500_Seq2 - Multipleparams
07:46:37: Sound_JQ6500_Seq3 - Multipleparams
07:46:37: Sound_JQ6500_Seq4 - Multipleparams
07:46:37: Sound_JQ6500_Seq5 - Multipleparams
07:46:37: Sound_Loop - Multipleparams
07:46:37: Sound_Next - Multipleparams
07:46:37: Sound_Next_of_N - Multipleparams
07:46:37: Sound_Next_of_N_Reset - Multipleparams
07:46:37: Sound_PausePlay - Multipleparams
07:46:37: Sound_PlayMode - Multipleparams
07:46:37: Sound_Prev - Multipleparams
07:46:37: Sound_Seq1 - Multipleparams
07:46:37: Sound_Seq10 - Multipleparams
07:46:37: Sound_Seq11 - Multipleparams
07:46:37: Sound_Seq12 - Multipleparams
07:46:37: Sound_Seq13 - Multipleparams
07:46:37: Sound_Seq14 - Multipleparams
07:46:37: Sound_Seq2 - Multipleparams
07:46:37: Sound_Seq3 - Multipleparams
07:46:37: Sound_Seq4 - Multipleparams
07:46:37: Sound_Seq5 - Multipleparams
07:46:37: Sound_Seq6 - Multipleparams
07:46:37: Sound_Seq7 - Multipleparams
07:46:37: Sound_Seq8 - Multipleparams
07:46:37: Sound_Seq9 - Multipleparams
07:46:37: Sound_USDSPI - Multipleparams
07:46:37: Set_Def_Neon - Multipleparams
07:46:37: Set_TV_BW1 - Multipleparams
07:46:37: Set_TV_BW2 - Multipleparams
07:46:37: Set_TV_COL1 - Multipleparams
07:46:37: Set_TV_COL2 - Multipleparams
07:46:37: ImportMacro - Multipleparams
07:46:37: SoundCheckPage - Multipleparams
07:46:37: ARDUINOConfigPage - Multipleparams
07:46:37: ARDUINOConfigPage - Multipleparams
07:46:37: ARDUINOConfigPage - Multipleparams
07:46:38: ConfigurationPage - Multipleparams
07:46:38: ConfigurationPage - Multipleparams
07:46:38: ConfigurationPage - Multipleparams
07:46:38: connect COM3
07:46:38: set_connectstatusmessage: Versuch sich mit dem ARDUINO am Port COM3 zu verbinden ...
07:46:38: Tabselected: Start
07:46:38: Start
07:46:38: TabChanged  - .!notebook.!startpage
07:46:40: connected to: COM3 Baudrate: 115200
07:46:42: Connect Error:  - trial:1
07:46:44: Connect Error:  - trial:2
07:46:46: Connect Error:  - trial:3
07:46:48: set_connectstatusmessage: Nicht Verbunden
07:46:55: Tabunselected: Start
07:46:55: Tabselected: ARDUINO Einstellungen
07:46:55: disconnect
07:46:55: set_connectstatusmessage: Nicht Verbunden
07:46:55: Create Portlist
07:46:55: Portlist.ComPorts:COM3 Silicon Labs CP210x USB to UART Bridge (COM3) USB VID:PID=10C4:EA60 SER=0001 LOCATION=1-11
07:46:55: Portlist.ComPorts:COM1 Kommunikationsanschluss (COM1) ACPI\PNP0501\0
07:46:55: {'COM3': {'Description': 'Silicon Labs CP210x USB to UART Bridge (COM3)', 'Baudrate': '???', 'DeviceSignature': '???', 'Status': 'unchecked'}}
07:46:55: TabChanged .!notebook.!startpage - .!notebook.!arduinoconfigpage
07:46:55: determine_new_and_removed_ports ['COM3']
07:46:55: Try to add Port COM3 to ARDUINO portlist
07:46:55: Trying COM COM3 with Baudrate 115200
07:46:55: transact: b'et'
07:46:55: transact: b's '
07:46:55: transact: b'Ju'
07:46:55: transact: b'n '
07:46:55: Give up after 2 trials
07:46:55: COM3:no ARDUINO detected, baudrate: 115200
07:46:55: Trying COM COM3 with Baudrate 57600
07:46:55: transact: b's\x00'
07:46:55: transact: b'\x05\x04'
07:46:55: transact: b'B\x19'
07:46:55: transact: b'\x84"'
07:46:55: Give up after 2 trials
07:46:55: COM3:no ARDUINO detected, baudrate: 57600
07:46:55: Trying COM COM3 with Baudrate 115200
07:46:56: transact: b'et'
07:46:56: transact: b's '
07:46:56: transact: b'Ju'
07:46:56: transact: b'n '
07:46:56: Give up after 2 trials
07:46:56: COM3:no ARDUINO detected, baudrate: 115200
07:46:56: Trying COM COM3 with Baudrate 57600
07:46:56: transact: b'Y\x80'
07:46:56: transact: b'\x03\x04'
07:46:56: transact: b'\x11\x16'
07:46:56: transact: b'"\x8a'
07:46:56: Give up after 2 trials
07:46:56: COM3:no ARDUINO detected, baudrate: 57600
07:46:59: Button Pressed: ARDUINOConfigPage - ButtonARDUINOTest
07:46:59: Function called: ButtonARDUINOConnect
07:46:59: connect COM3
07:46:59: disconnect
07:46:59: set_connectstatusmessage: Nicht Verbunden
07:46:59: set_connectstatusmessage: Nicht Verbunden
07:46:59: set_connectstatusmessage: Versuch sich mit dem ARDUINO am Port COM3 zu verbinden ...
07:46:59: connected to: COM3 Baudrate: 115200
07:46:59: Connect Error: ets Jun  8 2016 00:22:57
 - trial:1
07:46:59: Connect Error: 
 - trial:2
07:46:59: Connect Error: rst:0x10 (RTCWDT_RTC_RESET),boot:0x13 (SPI_FAST_FLASH_BOOT)
 - trial:3
07:46:59: Connect Error: configsip: 0, SPIWP:0xee
 - trial:4
07:46:59: Connect Error: clk_drv:0x00,q_drv:0x00,d_drv:0x00,cs0_drv:0x00,hd_drv:0x00,wp_drv:0x00
 - trial:5
07:46:59: Connect Error: mode:DIO, clock div:1
 - trial:6
07:46:59: Connect Error: load:0x3fff0018,len:4
 - trial:7
07:46:59: Connect Error: load:0x3fff001c,len:1216
 - trial:8
07:46:59: Connect Error: ho 0 tail 12 room 4
 - trial:9
07:46:59: Connect Error: load:0x40078000,len:9720
 - trial:10
07:46:59: Connect Error: ho 0 tail 12 room 4
 - trial:11
07:46:59: Connect Error: load:0x40080400,len:6352
 - trial:12
07:46:59: Connect Error: entry 0x400806b8
 - trial:13
07:46:59: Connect message: LEDs_AutoProg Ver 1: Ver_2.1.3 22.03.21 18:09

07:47:01: SerialThread started:
07:47:01: set_connectstatusmessage: Verbunden mit COM3 - EFFECT Mode
07:47:01: set_ARDUINOmessage 07:47:01  LEDs_AutoProg Ver 1: Ver_2.1.3 22.03.21 18:09

07:47:01:  COM3 added to Z21 list
07:47:01: set_connectstatusmessage: Verbunden mit COM3 - EFFECT Mode
07:47:04: Tabunselected: ARDUINO Einstellungen
07:47:04: Tabselected: Farb Test
07:47:04: ARDUINO_Begin_direct_mode
07:47:04: Message send to ARDUINO: #?

07:47:04: set_connectstatusmessage: Verbunden COM3 - DIRECT Mode
07:47:04: TabChanged .!notebook.!arduinoconfigpage - .!notebook.!colorcheckpage2
07:47:04: set_ARDUINOmessage 07:47:04  >> #?

07:47:04: SerialThread () got message: bytearray(b'#?LEDs_AutoProg Ver 1: Ver_2.1.3 22.03.21 18:09,14,0,1,1,1,1,1,1\r\n')
07:47:05: Message send to ARDUINO: #L 0f 2d 9c 36 01

07:47:05: set_ARDUINOmessage 07:47:05  >> #L 0f 2d 9c 36 01

07:47:07: Message send to ARDUINO: #L 0f 9c 14 71 01

07:47:07: set_ARDUINOmessage 07:47:07  >> #L 0f 9c 14 71 01

07:47:09: Cancel
07:47:09: Cancel_without_save
07:47:09: set_connectstatusmessage: Closing program...
07:47:09: Cancel_without_save2
07:47:09: Close_notification
07:47:09: disconnect Z21 serial port: COM3
07:47:09: COM3 deleted from list
07:47:09: Pyrog-Stop_process_serial
07:47:09: Error write message to ARDUINO ?-

07:47:09: Attempting to use a port that is not open
07:47:09: disconnect Z21 serial port: NO DEVICE
07:47:09: Readline exception
07:47:09: Pyrog-Stop_process_serial
07:47:09: SerialThread () received event. Exiting
07:47:09: Error write message to ARDUINO ?-

07:47:09: Attempting to use a port that is not open
07:47:09: disconnect Z21 serial port: NO DEVICE
07:47:09: Pyrog-Stop_process_serial
07:47:09: Error write message to ARDUINO ?-

07:47:09: Attempting to use a port that is not open
07:47:10: SaveConfigData
07:47:10: SaveConfig: ARDUINO Einstellungen - {'serportnumber': 0, 'serportname': 'COM3', 'baudrate': 115200, 'maxLEDcount': 1, 'lastLedCount': 1, 'lastLed': 0, 'pos_x': 1, 'pos_y': 23, 'colorview': 1, 'startpage': 3, 'startpagename': 'StartPage', 'led_correction_r': 255, 'led_correction_g': 175, 'led_correction_b': 239, 'use_led_correction': True, 'old_color': '#9C1471', 'palette': {'ROOM_COL0': '#0F0D03', 'ROOM_COL1': '#162C1B', 'ROOM_COL2': '#9B4905', 'ROOM_COL3': '#271201', 'ROOM_COL4': '#1E0000', 'ROOM_COL5': '#4F2707', 'GAS_LIGHT D': '#323232', 'GAS LIGHT': '#FFFFFF', 'NEON_LIGHT D': '#14141B', 'NEON_LIGHT M': '#464650', 'NEON_LIGHT': '#F5F5FF', 'ROOM_TV0 A': '#323214', 'ROOM_TV0 B': '#46461E', 'ROOM_TV1 A': '#323208', 'ROOM_TV1 B': '#323208', 'SINGLE_LED': '#FFFFFF', 'SINGLE_LED D': '#323232'}, 'effectpalette': {'House': {'ROOM_DARK': '#323232', 'ROOM_BRIGHT': '#FFFFFF', 'ROOM_WARM_W': '#934D08', 'ROOM_RED': '#FF0000', 'ROOM_D_RED': '#320009', 'ROOM_COL0': 'ROOM_COL0', 'ROOM_COL1': 'ROOM_COL1', 'ROOM_COL2': 'ROOM_COL2', 'ROOM_COL3': 'ROOM_COL3', 'ROOM_COL4': 'ROOM_COL4', 'ROOM_COL5': 'ROOM_COL5', 'ROOM_COL345': 'ROOM_COL3', 'FIRE': '#000000', 'FIRED': '#000000', 'FIREB': '#000000', 'ROOM_CHIMNEY': '#000000', 'ROOM_CHIMNEYD': '#000000', 'ROOM_CHIMNEYB': '#000000', 'ROOM_TV0': 'ROOM_TV0 A', 'ROOM_TV0_CHIMNEY': 'ROOM_TV0 A', 'ROOM_TV0_CHIMNEYD': 'ROOM_TV0 A', 'ROOM_TV0_CHIMNEYB': 'ROOM_TV0 A', 'ROOM_TV1': 'ROOM_TV1 A', 'ROOM_TV1_CHIMNEY': 'ROOM_TV1 A', 'ROOM_TV1_CHIMNEYD': 'ROOM_TV1 A', 'ROOM_TV1_CHIMNEYB': 'ROOM_TV1 A', 'NEON_LIGHT': 'NEON_LIGHT', 'NEON_LIGHT_SGL': 'NEON_LIGHT', 'NEON_LIGHT1': 'NEON_LIGHT', 'NEON_LIGHT2': 'NEON_LIGHT', 'NEON_LIGHT3': 'NEON_LIGHT', 'NEON_LIGHTD': 'NEON_LIGHT D', 'NEON_LIGHTD_SGL': 'NEON_LIGHT D', 'NEON_LIGHT1D': 'NEON_LIGHT D', 'NEON_LIGHT2D': 'NEON_LIGHT D', 'NEON_LIGHT3D': 'NEON_LIGHT D', 'NEON_LIGHTM': 'NEON_LIGHT M', 'NEON_LIGHTM_SGL': 'NEON_LIGHT M', 'NEON_LIGHT1M': 'NEON_LIGHT M', 'NEON_LIGHT2M': 'NEON_LIGHT M', 'NEON_LIGHT3M': 'NEON_LIGHT M', 'NEON_LIGHTL': '#464650', 'NEON_LIGHTL_SGL': '#464650', 'NEON_LIGHT1L': '#464650', 'NEON_LIGHT2L': '#464650', 'NEON_LIGHT3L': '#464650', 'NEON_DEF_D': 'NEON_LIGHT D', 'NEON_DEF_D_SGL': 'NEON_LIGHT D', 'NEON_DEF1D': 'NEON_LIGHT D', 'NEON_DEF2D': 'NEON_LIGHT D', 'NEON_DEF3D': 'NEON_LIGHT D', 'LED_SGL': 'SINGLE_LED', 'SINGLE_LED1': 'SINGLE_LED', 'SINGLE_LED2': 'SINGLE_LED', 'SINGLE_LED3': 'SINGLE_LED', 'LED_D_SGL': 'SINGLE_LED D', 'SINGLE_LED1D': 'SINGLE_LED D', 'SINGLE_LED2D': 'SINGLE_LED D', 'SINGLE_LED3D': 'SINGLE_LED D', 'GAS_LIGHT': 'GAS LIGHT', 'GAS_LIGHT_SGL': 'GAS LIGHT', 'GAS_LIGHT1': 'GAS LIGHT', 'GAS_LIGHT2': 'GAS LIGHT', 'GAS_LIGHT3': 'GAS LIGHT', 'GAS_LIGHTD': 'GAS_LIGHT D', 'GAS_LIGHTD_SGL': 'GAS_LIGHT D', 'GAS_LIGHT1D': 'GAS_LIGHT D', 'GAS_LIGHT2D': 'GAS_LIGHT D', 'GAS_LIGHT3D': 'GAS_LIGHT D', 'SKIP_ROOM': '#000000'}, 'Const': {}, 'GasLights': {'NEON_LIGHT': 'NEON_LIGHT', 'NEON_LIGHT_SGL': 'NEON_LIGHT', 'NEON_LIGHT1': 'NEON_LIGHT', 'NEON_LIGHT2': 'NEON_LIGHT', 'NEON_LIGHT3': 'NEON_LIGHT', 'NEON_LIGHTD': 'NEON_LIGHT D', 'NEON_LIGHTD_SGL': 'NEON_LIGHT D', 'NEON_LIGHT1D': 'NEON_LIGHT D', 'NEON_LIGHT2D': 'NEON_LIGHT D', 'NEON_LIGHT3D': 'NEON_LIGHT D', 'NEON_LIGHTM': 'NEON_LIGHT M', 'NEON_LIGHTM_SGL': 'NEON_LIGHT M', 'NEON_LIGHT1M': 'NEON_LIGHT M', 'NEON_LIGHT2M': 'NEON_LIGHT M', 'NEON_LIGHT3M': 'NEON_LIGHT M', 'NEON_LIGHTL': '#464650', 'NEON_LIGHTL_SGL': '#464650', 'NEON_LIGHT1L': '#464650', 'NEON_LIGHT2L': '#464650', 'NEON_LIGHT3L': '#464650', 'NEON_DEF_D': 'NEON_LIGHT D', 'NEON_DEF_D_SGL': 'NEON_LIGHT D', 'NEON_DEF1D': 'NEON_LIGHT D', 'NEON_DEF2D': 'NEON_LIGHT D', 'NEON_DEF3D': 'NEON_LIGHT D', 'GAS_LIGHT': 'GAS LIGHT', 'GAS_LIGHT_SGL': 'GAS LIGHT', 'GAS_LIGHT1': 'GAS LIGHT', 'GAS_LIGHT2': 'GAS LIGHT', 'GAS_LIGHT3': 'GAS LIGHT', 'GAS_LIGHTD': 'GAS_LIGHT D', 'GAS_LIGHTD_SGL': 'GAS_LIGHT D', 'GAS_LIGHT1D': 'GAS_LIGHT D', 'GAS_LIGHT2D': 'GAS_LIGHT D', 'GAS_LIGHT3D': 'GAS_LIGHT D'}}, 'old_effect': 'ROOM_DARK', 'group_name': 'Group001', 'autoconnect': True, 'lastSound': 0, 'lastSoundImpuls': 200, 'startcmdcb': False, 'startcmd_filename': ' ', 'ArduinoTypeName': 'Nano/Uno (alt)', 'ArduinoTypeNumber': 0, 'Z21Data': {'0': {'serportname': 'COM3', 'dcc_start': 5, 'dcc_end': 9971}, '1': {'serportname': 'NO DEVICE', 'dcc_start': 1, 'dcc_end': 9999}, '2': {'serportname': 'NO DEVICE', 'dcc_start': 1, 'dcc_end': 9999}}, 'lastservo_channel': 1, 'DCC BaseAddress': 100, 'ServoAddress': 0, 'ServoChannel': 0, 'SoundAddress': 0, 'SoundImpulsLength': 200, 'Sound_RED': 8, 'Sound_GREEN': 3, 'Sound_BLUE': 6, 'baudratenumber': 1, 'ARDUINOMessage': 0, 'Autoconnect': 0, 'ARDUINOShowAll': False, 'ARDUINOTakeOver': False, 'UseZ21Data': False, 'ARDUINOBlink': False, 'MLLDigSysName': 'Kein System', 'MLLDigSysNumber': 0, 'Baudrate': '57600', 'FontTitle': 12, 'FontLabel': 8, 'FontSpinbox': 8, 'FontScale': 8, 'RMbusTimer': 0, 'LEDchannel': 3}
07:47:10: ['ConfigurationPage', 'Z21Data', '0']
07:47:10: ['ConfigurationPage', 'Z21Data', '1']
07:47:10: ['ConfigurationPage', 'Z21Data', '2']
07:47:10: ['ConfigurationPage', 'Z21Data', '0']
07:47:10: ['ConfigurationPage', 'Z21Data', '1']
07:47:10: ['ConfigurationPage', 'Z21Data', '2']
07:47:10: SaveConfigData
07:47:10: SaveConfig: Einstellungen - {'serportnumber': 0, 'serportname': 'COM3', 'baudrate': 115200, 'maxLEDcount': 1, 'lastLedCount': 1, 'lastLed': 0, 'pos_x': 0, 'pos_y': 0, 'colorview': 1, 'startpage': 3, 'startpagename': 'Startseite', 'led_correction_r': 255, 'led_correction_g': 175, 'led_correction_b': 239, 'use_led_correction': True, 'old_color': '#9C1471', 'palette': {'ROOM_COL0': '#0F0D03', 'ROOM_COL1': '#162C1B', 'ROOM_COL2': '#9B4905', 'ROOM_COL3': '#271201', 'ROOM_COL4': '#1E0000', 'ROOM_COL5': '#4F2707', 'GAS_LIGHT D': '#323232', 'GAS LIGHT': '#FFFFFF', 'NEON_LIGHT D': '#14141B', 'NEON_LIGHT M': '#464650', 'NEON_LIGHT': '#F5F5FF', 'ROOM_TV0 A': '#323214', 'ROOM_TV0 B': '#46461E', 'ROOM_TV1 A': '#323208', 'ROOM_TV1 B': '#323208', 'SINGLE_LED': '#FFFFFF', 'SINGLE_LED D': '#323232'}, 'effectpalette': {'House': {'ROOM_DARK': '#323232', 'ROOM_BRIGHT': '#FFFFFF', 'ROOM_WARM_W': '#934D08', 'ROOM_RED': '#FF0000', 'ROOM_D_RED': '#320009', 'ROOM_COL0': 'ROOM_COL0', 'ROOM_COL1': 'ROOM_COL1', 'ROOM_COL2': 'ROOM_COL2', 'ROOM_COL3': 'ROOM_COL3', 'ROOM_COL4': 'ROOM_COL4', 'ROOM_COL5': 'ROOM_COL5', 'ROOM_COL345': 'ROOM_COL3', 'FIRE': '#000000', 'FIRED': '#000000', 'FIREB': '#000000', 'ROOM_CHIMNEY': '#000000', 'ROOM_CHIMNEYD': '#000000', 'ROOM_CHIMNEYB': '#000000', 'ROOM_TV0': 'ROOM_TV0 A', 'ROOM_TV0_CHIMNEY': 'ROOM_TV0 A', 'ROOM_TV0_CHIMNEYD': 'ROOM_TV0 A', 'ROOM_TV0_CHIMNEYB': 'ROOM_TV0 A', 'ROOM_TV1': 'ROOM_TV1 A', 'ROOM_TV1_CHIMNEY': 'ROOM_TV1 A', 'ROOM_TV1_CHIMNEYD': 'ROOM_TV1 A', 'ROOM_TV1_CHIMNEYB': 'ROOM_TV1 A', 'NEON_LIGHT': 'NEON_LIGHT', 'NEON_LIGHT_SGL': 'NEON_LIGHT', 'NEON_LIGHT1': 'NEON_LIGHT', 'NEON_LIGHT2': 'NEON_LIGHT', 'NEON_LIGHT3': 'NEON_LIGHT', 'NEON_LIGHTD': 'NEON_LIGHT D', 'NEON_LIGHTD_SGL': 'NEON_LIGHT D', 'NEON_LIGHT1D': 'NEON_LIGHT D', 'NEON_LIGHT2D': 'NEON_LIGHT D', 'NEON_LIGHT3D': 'NEON_LIGHT D', 'NEON_LIGHTM': 'NEON_LIGHT M', 'NEON_LIGHTM_SGL': 'NEON_LIGHT M', 'NEON_LIGHT1M': 'NEON_LIGHT M', 'NEON_LIGHT2M': 'NEON_LIGHT M', 'NEON_LIGHT3M': 'NEON_LIGHT M', 'NEON_LIGHTL': '#464650', 'NEON_LIGHTL_SGL': '#464650', 'NEON_LIGHT1L': '#464650', 'NEON_LIGHT2L': '#464650', 'NEON_LIGHT3L': '#464650', 'NEON_DEF_D': 'NEON_LIGHT D', 'NEON_DEF_D_SGL': 'NEON_LIGHT D', 'NEON_DEF1D': 'NEON_LIGHT D', 'NEON_DEF2D': 'NEON_LIGHT D', 'NEON_DEF3D': 'NEON_LIGHT D', 'LED_SGL': 'SINGLE_LED', 'SINGLE_LED1': 'SINGLE_LED', 'SINGLE_LED2': 'SINGLE_LED', 'SINGLE_LED3': 'SINGLE_LED', 'LED_D_SGL': 'SINGLE_LED D', 'SINGLE_LED1D': 'SINGLE_LED D', 'SINGLE_LED2D': 'SINGLE_LED D', 'SINGLE_LED3D': 'SINGLE_LED D', 'GAS_LIGHT': 'GAS LIGHT', 'GAS_LIGHT_SGL': 'GAS LIGHT', 'GAS_LIGHT1': 'GAS LIGHT', 'GAS_LIGHT2': 'GAS LIGHT', 'GAS_LIGHT3': 'GAS LIGHT', 'GAS_LIGHTD': 'GAS_LIGHT D', 'GAS_LIGHTD_SGL': 'GAS_LIGHT D', 'GAS_LIGHT1D': 'GAS_LIGHT D', 'GAS_LIGHT2D': 'GAS_LIGHT D', 'GAS_LIGHT3D': 'GAS_LIGHT D', 'SKIP_ROOM': '#000000'}, 'Const': {}, 'GasLights': {'NEON_LIGHT': 'NEON_LIGHT', 'NEON_LIGHT_SGL': 'NEON_LIGHT', 'NEON_LIGHT1': 'NEON_LIGHT', 'NEON_LIGHT2': 'NEON_LIGHT', 'NEON_LIGHT3': 'NEON_LIGHT', 'NEON_LIGHTD': 'NEON_LIGHT D', 'NEON_LIGHTD_SGL': 'NEON_LIGHT D', 'NEON_LIGHT1D': 'NEON_LIGHT D', 'NEON_LIGHT2D': 'NEON_LIGHT D', 'NEON_LIGHT3D': 'NEON_LIGHT D', 'NEON_LIGHTM': 'NEON_LIGHT M', 'NEON_LIGHTM_SGL': 'NEON_LIGHT M', 'NEON_LIGHT1M': 'NEON_LIGHT M', 'NEON_LIGHT2M': 'NEON_LIGHT M', 'NEON_LIGHT3M': 'NEON_LIGHT M', 'NEON_LIGHTL': '#464650', 'NEON_LIGHTL_SGL': '#464650', 'NEON_LIGHT1L': '#464650', 'NEON_LIGHT2L': '#464650', 'NEON_LIGHT3L': '#464650', 'NEON_DEF_D': 'NEON_LIGHT D', 'NEON_DEF_D_SGL': 'NEON_LIGHT D', 'NEON_DEF1D': 'NEON_LIGHT D', 'NEON_DEF2D': 'NEON_LIGHT D', 'NEON_DEF3D': 'NEON_LIGHT D', 'GAS_LIGHT': 'GAS LIGHT', 'GAS_LIGHT_SGL': 'GAS LIGHT', 'GAS_LIGHT1': 'GAS LIGHT', 'GAS_LIGHT2': 'GAS LIGHT', 'GAS_LIGHT3': 'GAS LIGHT', 'GAS_LIGHTD': 'GAS_LIGHT D', 'GAS_LIGHTD_SGL': 'GAS_LIGHT D', 'GAS_LIGHT1D': 'GAS_LIGHT D', 'GAS_LIGHT2D': 'GAS_LIGHT D', 'GAS_LIGHT3D': 'GAS_LIGHT D'}}, 'old_effect': 'ROOM_DARK', 'group_name': 'Group001', 'autoconnect': True, 'lastSound': 0, 'lastSoundImpuls': 200, 'startcmdcb': False, 'startcmd_filename': ' ', 'ArduinoTypeName': 'Nano/Uno (alt)', 'ArduinoTypeNumber': 0, 'Z21Data': {'0': {'serportname': 'COM3', 'dcc_start': 5, 'dcc_end': 9971}, '1': {'serportname': 'NO DEVICE', 'dcc_start': 1, 'dcc_end': 9999}, '2': {'serportname': 'NO DEVICE', 'dcc_start': 1, 'dcc_end': 9999}}, 'lastservo_channel': 1, 'DCC BaseAddress': 100, 'ServoAddress': 0, 'ServoChannel': 0, 'SoundAddress': 0, 'SoundImpulsLength': 200, 'Sound_RED': 8, 'Sound_GREEN': 3, 'Sound_BLUE': 6, 'baudratenumber': 1, 'ARDUINOMessage': 0, 'Autoconnect': 0, 'ARDUINOShowAll': False, 'ARDUINOTakeOver': False, 'UseZ21Data': False, 'ARDUINOBlink': False, 'MLLDigSysName': 'Kein System', 'MLLDigSysNumber': 0, 'Baudrate': '57600', 'FontTitle': 12, 'FontLabel': 8, 'FontSpinbox': 8, 'FontScale': 8, 'RMbusTimer': 0, 'LEDchannel': 3}
07:47:10: SaveConfigData
07:47:10: disconnect
07:47:10: set_connectstatusmessage: Nicht Verbunden
